TN:
SF:/home/razer/vscode-projects/wal-tools/common/cli.c
FN:7,concat_args
FNDA:0,concat_args
FNF:1
FNH:0
DA:7,0
DA:9,0
DA:10,0
DA:11,0
DA:13,0
DA:14,0
DA:15,0
DA:16,0
DA:19,0
DA:20,0
DA:21,0
DA:23,0
DA:24,0
DA:25,0
LF:14
LH:0
end_of_record
TN:
SF:/home/razer/vscode-projects/wal-tools/common/endian-util.h
FN:7,read_le16
FN:17,read_le32
FNDA:0,read_le16
FNDA:23,read_le32
FNF:2
FNH:1
DA:7,0
DA:10,0
DA:11,0
DA:12,0
DA:13,0
DA:14,0
DA:17,23
DA:20,23
DA:21,23
DA:22,23
DA:23,23
DA:24,23
DA:25,23
DA:26,23
LF:14
LH:8
end_of_record
SF:/home/razer/vscode-projects/wal-tools/common/wal.c
FN:9,invalid_name
FN:23,wal_get_type
FN:49,wal_q2_read_header
FN:68,wal_dk_read_header
FNDA:5,invalid_name
FNDA:4,wal_get_type
FNDA:1,wal_q2_read_header
FNDA:1,wal_dk_read_header
FNF:4
FNH:4
DA:9,5
DA:11,133
DA:12,129
DA:13,0
DA:15,129
DA:16,1
DA:18,128
DA:20,4
DA:23,4
DA:25,4
DA:26,4
DA:27,2
DA:28,2
DA:29,1
DA:31,1
DA:33,2
DA:34,3
DA:35,1
DA:38,1
DA:39,1
DA:40,2
DA:41,1
DA:44,1
DA:45,1
DA:46,2
DA:49,1
DA:52,1
DA:53,1
DA:54,1
DA:55,1
DA:56,1
DA:57,5
DA:58,4
DA:60,1
DA:61,1
DA:62,1
DA:63,1
DA:64,1
DA:65,1
DA:68,1
DA:71,1
DA:72,1
DA:73,1
DA:74,1
DA:75,1
DA:76,10
DA:77,9
DA:79,1
DA:80,1
DA:81,1
DA:82,1
DA:83,1
DA:84,1
DA:85,1
DA:86,1
LF:55
LH:54
end_of_record
TN:
SF:/home/razer/vscode-projects/wal-tools/tests/wal-headers.c
FN:15,test_q2_wal_header
FN:39,test_dk_wal_header
FN:68,test_malformed_header
FN:82,main
FNDA:1,test_q2_wal_header
FNDA:1,test_dk_wal_header
FNDA:1,test_malformed_header
FNDA:1,main
FNF:4
FNH:4
DA:15,1
DA:20,1
DA:21,1
DA:22,1
DA:23,1
DA:24,1
DA:26,1
DA:27,1
DA:28,1
DA:29,1
DA:30,1
DA:31,1
DA:32,1
DA:33,1
DA:34,1
DA:35,1
DA:36,1
DA:37,1
DA:39,1
DA:44,1
DA:45,1
DA:46,1
DA:47,1
DA:48,1
DA:50,1
DA:51,1
DA:52,1
DA:53,1
DA:54,1
DA:55,1
DA:56,1
DA:57,1
DA:58,1
DA:59,1
DA:60,1
DA:61,1
DA:62,1
DA:63,1
DA:64,1
DA:65,1
DA:66,1
DA:68,1
DA:72,1
DA:73,1
DA:75,1
DA:76,1
DA:78,1
DA:79,1
DA:80,1
DA:82,1
DA:84,1
DA:89,1
LF:52
LH:52
end_of_record
