TN:
SF:/home/razer/vscode-projects/wal-tools/common/io.c
FN:6,file_read
FN:36,file_write
FNDA:33,file_read
FNDA:15,file_write
FNF:2
FNH:2
DA:6,33
DA:8,33
DA:9,33
DA:10,0
DA:12,33
DA:13,33
DA:14,1
DA:15,1
DA:16,1
DA:18,32
DA:19,32
DA:20,32
DA:22,32
DA:23,32
DA:24,0
DA:25,0
DA:26,0
DA:27,0
DA:29,32
DA:30,32
DA:31,32
DA:32,32
DA:33,32
DA:36,15
DA:38,15
DA:39,15
DA:40,0
DA:42,15
DA:43,15
DA:44,1
DA:45,1
DA:46,1
DA:48,14
DA:49,14
DA:50,0
DA:51,0
DA:52,0
DA:54,14
DA:55,14
DA:56,14
DA:57,14
LF:41
LH:32
end_of_record
TN:
SF:/home/razer/vscode-projects/wal-tools/common/list.c
FN:7,ll_create_node
FN:20,ll_free_node
FN:29,ll_from_array
FN:55,ll_size
FN:66,ll_free
FN:83,ll_last
FN:95,ll_append
FN:106,ll_append_node
FN:116,ll_find
FN:131,ll_foreach
FNDA:49,ll_create_node
FNDA:5,ll_free_node
FNDA:8,ll_from_array
FNDA:10,ll_size
FNDA:2,ll_free
FNDA:6,ll_last
FNDA:5,ll_append
FNDA:5,ll_append_node
FNDA:8,ll_find
FNDA:7,ll_foreach
FNF:10
FNH:10
DA:7,49
DA:9,49
DA:10,2
DA:12,47
DA:13,47
DA:14,47
DA:15,47
DA:16,47
DA:17,47
DA:20,5
DA:22,5
DA:23,2
DA:25,3
DA:26,3
DA:29,8
DA:31,8
DA:32,8
DA:33,8
DA:34,8
DA:36,8
DA:37,1
DA:39,42
DA:40,35
DA:41,7
DA:42,7
DA:44,28
DA:45,28
DA:46,28
DA:47,28
DA:50,35
DA:52,7
DA:55,10
DA:57,10
DA:58,10
DA:59,47
DA:60,27
DA:61,27
DA:63,10
DA:66,2
DA:68,2
DA:69,2
DA:70,2
DA:71,2
DA:72,1
DA:75,3
DA:76,3
DA:77,3
DA:78,3
DA:79,3
DA:80,1
DA:83,6
DA:85,6
DA:86,1
DA:88,5
DA:89,13
DA:90,3
DA:92,5
DA:95,5
DA:97,5
DA:98,5
DA:99,5
DA:100,4
DA:102,1
DA:103,1
DA:106,5
DA:108,5
DA:109,5
DA:110,1
DA:112,4
DA:113,4
DA:116,8
DA:118,8
DA:119,8
DA:120,1
DA:122,22
DA:123,13
DA:124,5
DA:126,8
DA:128,2
DA:131,7
DA:133,7
DA:134,7
DA:135,0
DA:137,26
DA:138,12
DA:139,12
LF:86
LH:85
end_of_record
TN:
SF:/home/razer/vscode-projects/wal-tools/common/cli.c
FN:10,cli_concat_args
FN:27,starts_with
FN:34,parse_arg_range
FN:61,cli_parse_args
FN:90,print_item
FN:92,print_options
FN:100,cli_print_args
FN:106,cli_get_option_predicate
FN:117,cli_get_option
FNDA:1,cli_concat_args
FNDA:11,starts_with
FNDA:4,parse_arg_range
FNDA:3,cli_parse_args
FNDA:5,print_item
FNDA:4,print_options
FNDA:2,cli_print_args
FNDA:8,cli_get_option_predicate
FNDA:5,cli_get_option
FNF:9
FNH:9
DA:10,1
DA:13,1
DA:14,3
DA:15,2
DA:17,1
DA:19,1
DA:20,3
DA:21,2
DA:23,1
DA:24,1
DA:27,11
DA:29,11
DA:30,11
DA:31,11
DA:34,4
DA:37,4
DA:39,4
DA:40,0
DA:42,4
DA:43,4
DA:44,4
DA:45,3
DA:47,4
DA:48,13
DA:49,5
DA:50,5
DA:51,3
DA:53,2
DA:55,5
DA:57,4
DA:58,4
DA:61,3
DA:63,3
DA:64,3
DA:65,3
DA:66,3
DA:67,3
DA:69,3
DA:70,0
DA:72,10
DA:73,4
DA:74,4
DA:75,4
DA:76,0
DA:78,4
DA:79,2
DA:81,4
DA:82,2
DA:84,4
DA:86,3
DA:90,5
DA:92,4
DA:94,4
DA:95,4
DA:96,4
DA:97,4
DA:98,4
DA:100,2
DA:102,2
DA:103,2
DA:106,8
DA:108,8
DA:109,8
DA:110,4
DA:112,4
DA:113,3
DA:115,1
DA:117,5
DA:119,5
DA:120,0
DA:122,5
DA:123,5
DA:124,5
DA:125,1
DA:127,4
LF:75
LH:71
end_of_record
TN:
SF:/home/razer/vscode-projects/wal-tools/common/mem.c
FN:6,xmalloc
FN:19,xstrdup
FN:28,sptr_xmalloc
FN:34,sptr_slice
FN:45,sptr_free
FNDA:171,xmalloc
FNDA:1,xstrdup
FNDA:13,sptr_xmalloc
FNDA:44,sptr_slice
FNDA:2,sptr_free
FNF:5
FNH:5
DA:6,171
DA:8,171
DA:9,0
DA:11,171
DA:12,171
DA:13,0
DA:14,0
DA:16,171
DA:19,1
DA:21,1
DA:22,1
DA:23,1
DA:24,1
DA:25,1
DA:28,13
DA:30,13
DA:31,13
DA:34,44
DA:36,44
DA:37,0
DA:39,44
DA:40,3
DA:42,41
DA:45,2
DA:47,2
DA:48,2
DA:49,2
DA:50,2
LF:28
LH:24
end_of_record
TN:
SF:/home/razer/vscode-projects/wal-tools/common/image.c
FN:3,flip_bgr
FNDA:13,flip_bgr
FNF:1
FNH:1
DA:3,13
DA:6,13
DA:7,13
DA:8,3341
DA:9,3328
DA:10,3328
DA:11,3328
DA:12,3328
DA:14,13
LF:9
LH:9
end_of_record
TN:
SF:/home/razer/vscode-projects/wal-tools/common/tga.c
FN:7,is_supported
FN:18,tga_estimate_size
FN:26,tga_write_header
FN:53,tga_write
FNDA:26,is_supported
FNDA:26,tga_estimate_size
FNDA:13,tga_write_header
FNDA:13,tga_write
FNF:4
FNH:4
DA:7,26
DA:10,52
DA:11,52
DA:12,26
DA:13,0
DA:15,26
DA:18,26
DA:20,26
DA:21,0
DA:23,26
DA:26,13
DA:29,13
DA:30,13
DA:31,13
DA:32,13
DA:33,13
DA:34,13
DA:35,13
DA:37,13
DA:38,13
DA:39,13
DA:40,13
DA:42,13
DA:43,13
DA:44,13
DA:45,13
DA:46,13
DA:47,13
DA:48,13
DA:49,13
DA:50,13
DA:53,13
DA:55,13
DA:56,13
DA:57,0
DA:59,13
DA:60,13
DA:62,13
DA:64,13
DA:65,13
DA:67,13
DA:69,13
LF:42
LH:39
end_of_record
TN:
SF:/home/razer/vscode-projects/wal-tools/common/endian-util.c
FN:3,read_le16
FN:13,read_le32
FN:25,write_le16
FN:31,write_le32
FNDA:0,read_le16
FNDA:69,read_le32
FNDA:78,write_le16
FNDA:0,write_le32
FNF:4
FNH:2
DA:3,0
DA:6,0
DA:7,0
DA:8,0
DA:9,0
DA:10,0
DA:13,69
DA:16,69
DA:17,69
DA:18,69
DA:19,69
DA:20,69
DA:21,69
DA:22,69
DA:25,78
DA:27,78
DA:28,78
DA:29,78
DA:31,0
DA:33,0
DA:34,0
DA:35,0
LF:22
LH:12
end_of_record
TN:
SF:/home/razer/vscode-projects/wal-tools/common/wal.c
FN:10,invalid_name
FN:25,wal_get_type
FN:51,wal_q2_read_header
FN:71,wal_dk_read_header
FN:93,wal_q2_read
FN:127,wal_dk_read
FN:173,wal_read
FNDA:15,invalid_name
FNDA:9,wal_get_type
FNDA:3,wal_q2_read_header
FNDA:3,wal_dk_read_header
FNDA:2,wal_q2_read
FNDA:2,wal_dk_read
FNDA:4,wal_read
FNF:7
FNH:7
DA:10,15
DA:13,431
DA:14,418
DA:15,1
DA:17,417
DA:18,1
DA:20,416
DA:22,13
DA:25,9
DA:27,9
DA:28,9
DA:29,4
DA:30,5
DA:31,4
DA:33,1
DA:35,4
DA:36,7
DA:37,3
DA:40,3
DA:41,4
DA:42,8
DA:43,4
DA:46,3
DA:47,2
DA:48,3
DA:51,3
DA:55,3
DA:56,3
DA:57,3
DA:58,3
DA:59,3
DA:60,15
DA:61,12
DA:63,3
DA:64,3
DA:65,3
DA:66,3
DA:67,3
DA:68,3
DA:71,3
DA:75,3
DA:76,3
DA:77,3
DA:78,3
DA:79,3
DA:80,30
DA:81,27
DA:83,3
DA:84,3
DA:85,3
DA:86,3
DA:87,3
DA:88,3
DA:89,3
DA:90,3
DA:93,2
DA:97,2
DA:98,2
DA:99,2
DA:100,10
DA:101,8
DA:102,8
DA:103,0
DA:105,8
DA:106,8
DA:107,8
DA:108,24
DA:111,8
DA:112,8
DA:115,8
DA:116,8
DA:117,8
DA:118,0
DA:121,2
DA:122,0
DA:123,0
DA:124,0
DA:127,2
DA:131,2
DA:132,2
DA:134,2
DA:135,2
DA:136,2
DA:137,2
DA:139,2
DA:140,2
DA:141,20
DA:142,18
DA:143,18
DA:144,0
DA:146,18
DA:147,18
DA:149,18
DA:150,18
DA:151,18
DA:152,2
DA:154,18
DA:155,18
DA:156,0
DA:158,18
DA:160,18
DA:161,18
DA:162,18
DA:163,4
DA:165,18
DA:167,2
DA:168,0
DA:169,0
DA:170,0
DA:173,4
DA:175,4
DA:176,0
DA:179,4
DA:180,0
DA:182,4
DA:183,2
DA:184,2
DA:185,2
DA:186,2
DA:187,0
DA:188,0
LF:121
LH:107
end_of_record
TN:
SF:/home/razer/vscode-projects/wal-tools/tests/tga-test.c
FN:14,test_export_from_q2
FN:56,test_export_from_dk
FN:98,main
FNDA:1,test_export_from_q2
FNDA:1,test_export_from_dk
FNDA:1,main
FNF:3
FNH:3
DA:14,1
DA:18,1
DA:19,1
DA:20,1
DA:22,1
DA:23,1
DA:26,1
DA:27,1
DA:28,1
DA:29,1
DA:32,5
DA:33,4
DA:34,4
DA:35,4
DA:36,4
DA:37,4
DA:38,4
DA:40,4
DA:44,5
DA:45,4
DA:46,4
DA:47,4
DA:48,4
DA:49,4
DA:50,4
DA:51,4
DA:52,4
DA:54,1
DA:56,1
DA:60,1
DA:61,1
DA:63,1
DA:64,1
DA:67,1
DA:68,10
DA:69,9
DA:70,9
DA:74,10
DA:75,9
DA:76,9
DA:77,9
DA:78,9
DA:79,9
DA:80,9
DA:82,9
DA:86,10
DA:87,9
DA:88,9
DA:89,9
DA:90,9
DA:91,9
DA:92,9
DA:93,9
DA:94,9
DA:96,1
DA:98,1
DA:100,1
DA:104,1
LF:58
LH:58
end_of_record
TN:
SF:/home/razer/vscode-projects/wal-tools/tests/cli-test.c
FN:12,test_concat_args
FN:21,test_parse_args_both_types
FN:49,test_parse_args_empty
FN:57,test_parse_args_option_only
FN:77,main
FNDA:1,test_concat_args
FNDA:1,test_parse_args_both_types
FNDA:1,test_parse_args_empty
FNDA:1,test_parse_args_option_only
FNDA:1,main
FNF:5
FNH:5
DA:12,1
DA:15,1
DA:16,1
DA:17,1
DA:18,1
DA:19,1
DA:21,1
DA:24,1
DA:26,1
DA:27,1
DA:29,1
DA:31,1
DA:32,1
DA:33,1
DA:34,1
DA:35,1
DA:36,1
DA:38,1
DA:39,1
DA:40,1
DA:41,1
DA:42,1
DA:44,1
DA:45,1
DA:46,1
DA:47,1
DA:49,1
DA:52,1
DA:53,1
DA:54,1
DA:55,1
DA:57,1
DA:60,1
DA:61,1
DA:62,1
DA:64,1
DA:66,1
DA:67,1
DA:69,1
DA:70,1
DA:71,1
DA:72,1
DA:73,1
DA:74,1
DA:75,1
DA:77,1
DA:79,1
DA:85,1
LF:48
LH:48
end_of_record
TN:
SF:/home/razer/vscode-projects/wal-tools/tests/io-test.c
FN:11,test_read
FN:20,test_write
FN:34,test_invalid_calls
FN:47,main
FNDA:1,test_read
FNDA:1,test_write
FNDA:1,test_invalid_calls
FNDA:1,main
FNF:4
FNH:4
DA:11,1
DA:14,1
DA:15,1
DA:16,1
DA:17,1
DA:18,1
DA:20,1
DA:23,1
DA:24,1
DA:25,1
DA:26,1
DA:28,1
DA:29,1
DA:30,1
DA:31,1
DA:32,1
DA:34,1
DA:37,1
DA:38,2
DA:39,1
DA:40,1
DA:41,1
DA:43,1
DA:44,1
DA:45,1
DA:47,1
DA:49,1
DA:54,1
LF:28
LH:28
end_of_record
TN:
SF:/home/razer/vscode-projects/wal-tools/tests/mem-test.c
FN:11,test_sptr_slice
FN:33,test_xstrdup
FN:43,main
FNDA:1,test_sptr_slice
FNDA:1,test_xstrdup
FNDA:1,main
FNF:3
FNH:3
DA:11,1
DA:14,1
DA:15,1
DA:17,1
DA:18,1
DA:19,1
DA:20,1
DA:21,1
DA:23,1
DA:24,1
DA:25,1
DA:26,1
DA:28,1
DA:29,1
DA:30,1
DA:31,1
DA:33,1
DA:36,1
DA:37,1
DA:38,1
DA:39,1
DA:40,1
DA:41,1
DA:43,1
DA:45,1
DA:49,1
LF:26
LH:26
end_of_record
TN:
SF:/home/razer/vscode-projects/wal-tools/tests/wal-headers.c
FN:15,test_q2_wal_header
FN:39,test_dk_wal_header
FN:68,test_malformed_header
FN:85,main
FNDA:1,test_q2_wal_header
FNDA:1,test_dk_wal_header
FNDA:1,test_malformed_header
FNDA:1,main
FNF:4
FNH:4
DA:15,1
DA:20,1
DA:21,1
DA:22,1
DA:23,1
DA:24,1
DA:26,1
DA:27,1
DA:28,1
DA:29,1
DA:30,1
DA:31,1
DA:32,1
DA:33,1
DA:34,1
DA:35,1
DA:36,1
DA:37,1
DA:39,1
DA:44,1
DA:45,1
DA:46,1
DA:47,1
DA:48,1
DA:50,1
DA:51,1
DA:52,1
DA:53,1
DA:54,1
DA:55,1
DA:56,1
DA:57,1
DA:58,1
DA:59,1
DA:60,1
DA:61,1
DA:62,1
DA:63,1
DA:64,1
DA:65,1
DA:66,1
DA:68,1
DA:72,1
DA:73,1
DA:75,1
DA:76,1
DA:78,1
DA:79,1
DA:80,1
DA:81,1
DA:82,1
DA:83,1
DA:85,1
DA:87,1
DA:92,1
LF:55
LH:55
end_of_record
TN:
SF:/home/razer/vscode-projects/wal-tools/tests/wal-read.c
FN:13,test_q2_read
FN:62,test_dk_read
FN:128,main
FNDA:1,test_q2_read
FNDA:1,test_dk_read
FNDA:1,main
FNF:3
FNH:3
DA:13,1
DA:17,1
DA:18,1
DA:19,1
DA:21,1
DA:22,1
DA:23,1
DA:24,1
DA:27,1
DA:28,1
DA:29,1
DA:30,1
DA:32,1
DA:33,1
DA:34,1
DA:35,1
DA:36,1
DA:37,1
DA:39,1
DA:40,1
DA:41,1
DA:42,1
DA:44,1
DA:48,5
DA:49,20
DA:50,16
DA:51,16
DA:52,16
DA:56,1
DA:57,1
DA:58,1
DA:59,1
DA:60,1
DA:62,1
DA:66,1
DA:67,1
DA:68,1
DA:70,1
DA:71,1
DA:72,1
DA:73,1
DA:76,1
DA:77,10
DA:78,9
DA:79,9
DA:82,1
DA:83,1
DA:84,1
DA:85,1
DA:86,1
DA:87,1
DA:89,1
DA:90,1
DA:91,1
DA:92,1
DA:93,1
DA:94,1
DA:95,1
DA:96,1
DA:97,1
DA:99,1
DA:107,5
DA:108,20
DA:109,16
DA:110,0
DA:112,16
DA:113,16
DA:114,16
DA:118,1
DA:121,1
DA:122,1
DA:123,1
DA:124,1
DA:125,1
DA:126,1
DA:128,1
DA:130,1
DA:134,1
LF:78
LH:77
end_of_record
TN:
SF:/home/razer/vscode-projects/wal-tools/tests/list-test.c
FN:15,find_string_predicate
FN:20,test_ll_from_array
FN:34,test_ll_creation
FN:52,test_ll_find
FN:63,test_ll_invalid_calls
FN:77,fn_foreach
FN:84,test_ll_foreach
FN:94,main
FNDA:5,find_string_predicate
FNDA:1,test_ll_from_array
FNDA:1,test_ll_creation
FNDA:1,test_ll_find
FNDA:1,test_ll_invalid_calls
FNDA:3,fn_foreach
FNDA:1,test_ll_foreach
FNDA:1,main
FNF:8
FNH:8
DA:15,5
DA:17,5
DA:20,1
DA:23,1
DA:24,1
DA:25,1
DA:26,1
DA:27,1
DA:28,1
DA:29,1
DA:30,1
DA:31,1
DA:32,1
DA:34,1
DA:37,1
DA:38,1
DA:39,1
DA:40,1
DA:41,1
DA:43,1
DA:44,1
DA:45,1
DA:47,1
DA:48,1
DA:49,1
DA:50,1
DA:52,1
DA:55,1
DA:56,1
DA:57,1
DA:58,1
DA:59,1
DA:60,1
DA:61,1
DA:63,1
DA:66,1
DA:67,1
DA:68,1
DA:69,1
DA:70,1
DA:71,1
DA:72,1
DA:73,1
DA:77,3
DA:79,3
DA:81,3
DA:82,3
DA:84,1
DA:87,1
DA:88,1
DA:89,1
DA:90,1
DA:91,1
DA:92,1
DA:94,1
DA:96,1
DA:103,1
LF:57
LH:57
end_of_record
